<?xml version="1.0" encoding="UTF-8"?>
<!-- Generated by org.testng.reporters.JUnitXMLReporter -->
<testsuite hostname="dashree-PC" ignored="0" name="Test" tests="6" failures="0" timestamp="03 Sep 2018 07:25:50 GMT" time="10.596" errors="0">
  <testcase name="createIssue" time="5.024" classname="com.tests.demo.CreateIssueTest"/>
  <testcase name="updateComment" time="0.815" classname="com.tests.demo.UpdateCommentTest"/>
  <testcase name="assign" time="0.914" classname="com.tests.demo.AssignTest"/>
  <testcase name="createAndDeleteIssue" time="0.771" classname="com.tests.demo.CreateAndDeleteIssueTest"/>
  <testcase name="getIssue" time="2.018" classname="com.tests.demo.GetIssueTest"/>
  <testcase name="createIssueAndComment" time="0.995" classname="com.tests.demo.CreateIssueAndComment"/>
</testsuite> <!-- Test -->
