<?xml version="1.0" encoding="UTF-8"?>
<testng-results skipped="0" failed="0" ignored="0" total="1" passed="1">
  <reporter-output>
  </reporter-output>
  <suite name="Default suite" duration-ms="5446" started-at="2018-08-29T09:50:54Z" finished-at="2018-08-29T09:50:59Z">
    <groups>
    </groups>
    <test name="Default test" duration-ms="5446" started-at="2018-08-29T09:50:54Z" finished-at="2018-08-29T09:50:59Z">
      <class name="com.tests.demo.Assign">
        <test-method status="PASS" signature="assign()[pri:0, instance:com.tests.demo.Assign@5c7fa833]" name="assign" duration-ms="5413" started-at="2018-08-29T15:20:54Z" finished-at="2018-08-29T15:20:59Z">
          <reporter-output>
          </reporter-output>
        </test-method> <!-- assign -->
      </class> <!-- com.tests.demo.Assign -->
    </test> <!-- Default test -->
  </suite> <!-- Default suite -->
</testng-results>
